# JRE version: OpenJDK Runtime Environment (8.0_442-b06) (build 1.8.0_442-b06)
# Java VM: OpenJDK 64-Bit Server VM (25.442-b06 mixed mode bsd-amd64 compressed oops)
Heap:
 PSYoungGen      total 266752K, used 165622K [0x0000000795580000, 0x00000007ac500000, 0x00000007c0000000)
  eden space 252928K, 60% used [0x0000000795580000,0x000000079e9c5b20,0x00000007a4c80000)
  from space 13824K, 99% used [0x00000007a4c80000,0x00000007a59f8020,0x00000007a5a00000)
  to   space 17920K, 0% used [0x00000007ab380000,0x00000007ab380000,0x00000007ac500000)
 ParOldGen       total 90112K, used 20854K [0x0000000740000000, 0x0000000745800000, 0x0000000795580000)
  object space 90112K, 23% used [0x0000000740000000,0x000000074145d940,0x0000000745800000)
 Metaspace       used 54466K, capacity 57482K, committed 57896K, reserved 1099776K
  class space    used 6595K, capacity 7108K, committed 7208K, reserved 1048576K
GC Heap History (10 events):
Event: 10.138 GC heap before
{Heap before GC invocations=11 (full 2):
 PSYoungGen      total 168960K, used 157696K [0x0000000795580000, 0x00000007a2c80000, 0x00000007c0000000)
  eden space 157696K, 100% used [0x0000000795580000,0x000000079ef80000,0x000000079ef80000)
  from space 11264K, 0% used [0x000000079fb80000,0x000000079fb80000,0x00000007a0680000)
  to   space 12288K, 0% used [0x000000079ef80000,0x000000079ef80000,0x000000079fb80000)
 ParOldGen       total 90112K, used 14193K [0x0000000740000000, 0x0000000745800000, 0x0000000795580000)
  object space 90112K, 15% used [0x0000000740000000,0x0000000740ddc690,0x0000000745800000)
 Metaspace       used 39580K, capacity 41838K, committed 42024K, reserved 1085440K
  class space    used 4939K, capacity 5351K, committed 5416K, reserved 1048576K
Event: 10.147 GC heap after
Heap after GC invocations=11 (full 2):
 PSYoungGen      total 169984K, used 5448K [0x0000000795580000, 0x00000007a2d00000, 0x00000007c0000000)
  eden space 157696K, 0% used [0x0000000795580000,0x0000000795580000,0x000000079ef80000)
  from space 12288K, 44% used [0x000000079ef80000,0x000000079f4d21a8,0x000000079fb80000)
  to   space 11776K, 0% used [0x00000007a2180000,0x00000007a2180000,0x00000007a2d00000)
 ParOldGen       total 90112K, used 14265K [0x0000000740000000, 0x0000000745800000, 0x0000000795580000)
  object space 90112K, 15% used [0x0000000740000000,0x0000000740dee6a0,0x0000000745800000)
 Metaspace       used 39580K, capacity 41838K, committed 42024K, reserved 1085440K
  class space    used 4939K, capacity 5351K, committed 5416K, reserved 1048576K
}
Event: 10.488 GC heap before
{Heap before GC invocations=12 (full 2):
 PSYoungGen      total 169984K, used 163144K [0x0000000795580000, 0x00000007a2d00000, 0x00000007c0000000)
  eden space 157696K, 100% used [0x0000000795580000,0x000000079ef80000,0x000000079ef80000)
  from space 12288K, 44% used [0x000000079ef80000,0x000000079f4d21a8,0x000000079fb80000)
  to   space 11776K, 0% used [0x00000007a2180000,0x00000007a2180000,0x00000007a2d00000)
 ParOldGen       total 90112K, used 14265K [0x0000000740000000, 0x0000000745800000, 0x0000000795580000)
  object space 90112K, 15% used [0x0000000740000000,0x0000000740dee6a0,0x0000000745800000)
 Metaspace       used 40066K, capacity 42298K, committed 42536K, reserved 1087488K
  class space    used 4954K, capacity 5351K, committed 5416K, reserved 1048576K
Event: 10.496 GC heap after
Heap after GC invocations=12 (full 2):
 PSYoungGen      total 208896K, used 5476K [0x0000000795580000, 0x00000007a3100000, 0x00000007c0000000)
  eden space 197120K, 0% used [0x0000000795580000,0x0000000795580000,0x00000007a1600000)
  from space 11776K, 46% used [0x00000007a2180000,0x00000007a26d93a8,0x00000007a2d00000)
  to   space 11776K, 0% used [0x00000007a1600000,0x00000007a1600000,0x00000007a2180000)
 ParOldGen       total 90112K, used 14273K [0x0000000740000000, 0x0000000745800000, 0x0000000795580000)
  object space 90112K, 15% used [0x0000000740000000,0x0000000740df06a0,0x0000000745800000)
 Metaspace       used 40066K, capacity 42298K, committed 42536K, reserved 1087488K
  class space    used 4954K, capacity 5351K, committed 5416K, reserved 1048576K
}
Event: 11.144 GC heap before
{Heap before GC invocations=13 (full 2):
 PSYoungGen      total 208896K, used 202596K [0x0000000795580000, 0x00000007a3100000, 0x00000007c0000000)
  eden space 197120K, 100% used [0x0000000795580000,0x00000007a1600000,0x00000007a1600000)
  from space 11776K, 46% used [0x00000007a2180000,0x00000007a26d93a8,0x00000007a2d00000)
  to   space 11776K, 0% used [0x00000007a1600000,0x00000007a1600000,0x00000007a2180000)
 ParOldGen       total 90112K, used 14273K [0x0000000740000000, 0x0000000745800000, 0x0000000795580000)
  object space 90112K, 15% used [0x0000000740000000,0x0000000740df06a0,0x0000000745800000)
 Metaspace       used 41249K, capacity 43590K, committed 43688K, reserved 1087488K
  class space    used 5046K, capacity 5461K, committed 5544K, reserved 1048576K
Event: 11.160 GC heap after
Heap after GC invocations=13 (full 2):
 PSYoungGen      total 208896K, used 9204K [0x0000000795580000, 0x00000007a6600000, 0x00000007c0000000)
  eden space 197120K, 0% used [0x0000000795580000,0x0000000795580000,0x00000007a1600000)
  from space 11776K, 78% used [0x00000007a1600000,0x00000007a1efd398,0x00000007a2180000)
  to   space 12288K, 0% used [0x00000007a5a00000,0x00000007a5a00000,0x00000007a6600000)
 ParOldGen       total 90112K, used 14281K [0x0000000740000000, 0x0000000745800000, 0x0000000795580000)
  object space 90112K, 15% used [0x0000000740000000,0x0000000740df26a0,0x0000000745800000)
 Metaspace       used 41249K, capacity 43590K, committed 43688K, reserved 1087488K
  class space    used 5046K, capacity 5461K, committed 5544K, reserved 1048576K
}
Event: 11.790 GC heap before
{Heap before GC invocations=14 (full 2):
 PSYoungGen      total 208896K, used 206324K [0x0000000795580000, 0x00000007a6600000, 0x00000007c0000000)
  eden space 197120K, 100% used [0x0000000795580000,0x00000007a1600000,0x00000007a1600000)
  from space 11776K, 78% used [0x00000007a1600000,0x00000007a1efd398,0x00000007a2180000)
  to   space 12288K, 0% used [0x00000007a5a00000,0x00000007a5a00000,0x00000007a6600000)
 ParOldGen       total 90112K, used 14281K [0x0000000740000000, 0x0000000745800000, 0x0000000795580000)
  object space 90112K, 15% used [0x0000000740000000,0x0000000740df26a0,0x0000000745800000)
 Metaspace       used 41833K, capacity 44154K, committed 44456K, reserved 1087488K
  class space    used 5091K, capacity 5495K, committed 5544K, reserved 1048576K
Event: 11.830 GC heap after
Heap after GC invocations=14 (full 2):
 PSYoungGen      total 265216K, used 12276K [0x0000000795580000, 0x00000007a7600000, 0x00000007c0000000)
  eden space 252928K, 0% used [0x0000000795580000,0x0000000795580000,0x00000007a4c80000)
  from space 12288K, 99% used [0x00000007a5a00000,0x00000007a65fd3c8,0x00000007a6600000)
  to   space 13824K, 0% used [0x00000007a4c80000,0x00000007a4c80000,0x00000007a5a00000)
 ParOldGen       total 90112K, used 14682K [0x0000000740000000, 0x0000000745800000, 0x0000000795580000)
  object space 90112K, 16% used [0x0000000740000000,0x0000000740e56a18,0x0000000745800000)
 Metaspace       used 41833K, capacity 44154K, committed 44456K, reserved 1087488K
  class space    used 5091K, capacity 5495K, committed 5544K, reserved 1048576K
}
Event: 13.109 GC heap before
{Heap before GC invocations=15 (full 2):
 PSYoungGen      total 265216K, used 265204K [0x0000000795580000, 0x00000007a7600000, 0x00000007c0000000)
  eden space 252928K, 100% used [0x0000000795580000,0x00000007a4c80000,0x00000007a4c80000)
  from space 12288K, 99% used [0x00000007a5a00000,0x00000007a65fd3c8,0x00000007a6600000)
  to   space 13824K, 0% used [0x00000007a4c80000,0x00000007a4c80000,0x00000007a5a00000)
 ParOldGen       total 90112K, used 14682K [0x0000000740000000, 0x0000000745800000, 0x0000000795580000)
  object space 90112K, 16% used [0x0000000740000000,0x0000000740e56a18,0x0000000745800000)
 Metaspace       used 44475K, capacity 47278K, committed 47400K, reserved 1091584K
  class space    used 5434K, capacity 5911K, committed 5928K, reserved 1048576K
Event: 13.132 GC heap after
Heap after GC invocations=15 (full 2):
 PSYoungGen      total 266752K, used 13792K [0x0000000795580000, 0x00000007ac500000, 0x00000007c0000000)
  eden space 252928K, 0% used [0x0000000795580000,0x0000000795580000,0x00000007a4c80000)
  from space 13824K, 99% used [0x00000007a4c80000,0x00000007a59f8020,0x00000007a5a00000)
  to   space 17920K, 0% used [0x00000007ab380000,0x00000007ab380000,0x00000007ac500000)
 ParOldGen       total 90112K, used 20854K [0x0000000740000000, 0x0000000745800000, 0x0000000795580000)
  object space 90112K, 23% used [0x0000000740000000,0x000000074145d940,0x0000000745800000)
 Metaspace       used 44475K, capacity 47278K, committed 47400K, reserved 1091584K
  class space    used 5434K, capacity 5911K, committed 5928K, reserved 1048576K
}

